Степан ky 59Некорректно указан E-mail
Земфира42 oprpoo.ru 48Имя содержит цифры
Хенг666 gnbjhc@mail.ru 142Имя содержит цифры
32 lmwaib@mail.ruНеверные данные
Мария 84 esey@mail.ruНеверные данные
Ольга42 pphew@gmail.com 6Имя содержит цифры
Ли666 zndmnr@gmail.com 69Имя содержит цифры
Ли ocbui.ru 93Некорректно указан E-mail
Муммий42 nruqcwad@gmail.com 66Имя содержит цифры
Неверные данные
Ярослав42 igs@mail.ru 79Имя содержит цифры
Геннадий42 pc@ya.ru 114Имя содержит цифры
Равшан666 bksvga@gmail.com 121Имя содержит цифры
Муммий666 mc@gmail.com 103Имя содержит цифры
Пенг tzyqfcitfigvam 98Некорректно указан E-mail
Михаил!!!!1 bjas@mail.ru 143Имя содержит цифры
Михаил666 uutmdfkh@mail.ru 101Имя содержит цифры
Ольга666 vlqxynaj@ya.ru 88Имя содержит цифры
Владимир!!!!1 iaiqss@mail.ru 59Имя содержит цифры
Джигурда42 mvocd@ya.ru 23Имя содержит цифры
Ван!!!!1 qnmlo@mail.ru 85Имя содержит цифры
Неверные данные
Бузова42 xqqilbwkso@ya.ru 28Имя содержит цифры
Владимир666 padnygk@gmail.com 9Имя содержит цифры
Ван ljgqgiv.mail.ru 83Некорректно указан E-mail
Дмитрий42 achkqvm@ya.ru 63Имя содержит цифры
Тролль42 phnhg@ya.ru 109Имя содержит цифры
Владимир ij.mail.ru 32Некорректно указан E-mail
Ли666 wunotm.ru 121Имя содержит цифры
Гнойный nqmwqwegi.mail.ru 84Некорректно указан E-mail
Ли!!!!1 zgqxf@ya.ru 58Имя содержит цифры
Ли oiasfigvam 11Некорректно указан E-mail
Гнойный42 kbgatjx@gmail.com 11Имя содержит цифры
84Неверные данные
100 kqmoh@mail.ruНеверные данные
Ли!!!!1 lyvxuxkycl@gmail.com 14Имя содержит цифры
Ван dsytz.ru 62Некорректно указан E-mail
Джигурда ntvuwh 94Некорректно указан E-mail
Неверные данные
Нагиев666 cywgddmgkb@gmail.com 26Имя содержит цифры
Джамшут666 ejiuy@gmail.com 15Имя содержит цифры
Геннадий 70Неверные данные
Сянцзян666 bcwfmiz@gmail.com 65Имя содержит цифры
Бузова666 agq@mail.ru 13Имя содержит цифры
Анна foycgfigvam 20Некорректно указан E-mail
Неверные данные
Артём42 fzokn@mail.ru 90Имя содержит цифры
Джамшут kfc 40Некорректно указан E-mail
Пенг666 zemfwxug@ya.ru 132Имя содержит цифры
Ли 112 vdsy@mail.ruНеверные данные
szozws@gmail.comНеверные данные
Ли42 qkwivw@ya.ru 68Имя содержит цифры
Неверные данные
114Неверные данные
6 pihspjscc@gmail.comНеверные данные
Пенг!!!!1 jax@mail.ru 117Имя содержит цифры
Земфира bgbnnnwzfigvam 80Некорректно указан E-mail
Геннадий42 mcfsrhnu@gmail.com 119Имя содержит цифры
Сянцзян!!!!1 lbdwsvyr@ya.ru 101Имя содержит цифры
ЛиНеверные данные
Мария!!!!1 szssysaz@mail.ru 58Имя содержит цифры
Равшан vu@mail.ruНеверные данные
ДжамшутНеверные данные
Равшан nkb@gmail.comНеверные данные
Гнойный stfrxiwkpe@gmail.comНеверные данные
Ли 8 lqzocwl@mail.ruНеверные данные
Ольга jzztfigvam 64Некорректно указан E-mail
Ольга42 ioxf@ya.ru 55Имя содержит цифры
Степан xksfhicn@gmail.comНеверные данные
БузоваНеверные данные
Джамшут 85 yhihzkamhj@mail.ruНеверные данные
Неверные данные
Ярослав vtq 90Некорректно указан E-mail
Джигурда!!!!1 zqygia@ya.ru 89Имя содержит цифры
Волочкова!!!!1 fvnwaq@ya.ru 107Имя содержит цифры
Пенг nlxetmbctfigvam 88Некорректно указан E-mail
Ли!!!!1 lb@gmail.com 95Имя содержит цифры
Геннадий ceahtetz 31Некорректно указан E-mail
Геннадий sdlvehkjwfigvam 11Некорректно указан E-mail
Неверные данные
Неверные данные
Мария!!!!1 jxthdgat@ya.ru 24Имя содержит цифры
Хенг!!!!1 bmvynuv@ya.ru 125Имя содержит цифры
Ван kcet.ru 87Некорректно указан E-mail
Михаил42 og@mail.ru 104Имя содержит цифры
Артём fufmngwfigvam 24Некорректно указан E-mail
Мария mfjoqlhk.mail.ru 12Некорректно указан E-mail
18Неверные данные
Анна 87 tjbsuaqeij@mail.ruНеверные данные
Нагиев42 ckp@gmail.com 116Имя содержит цифры
Анна 139 gsfpjtpu@mail.ruНеверные данные
Земфира qfp 81Некорректно указан E-mail
Неверные данные
Равшан!!!!1 qv@ya.ru 99Имя содержит цифры
Михаил 140Неверные данные
Артём666 nnwzksghzj@ya.ru 75Имя содержит цифры
Сянцзян bmac 85Некорректно указан E-mail
Неверные данные
Чонгкун 95 gjbskxdkfigvamНеверные данные
85Неверные данные
Михаил 122 tnbsqbqph@mail.ruНеверные данные
Ли zeamxh.ru 25Некорректно указан E-mail
Яочуан!!!!1 uasginylzu@mail.ru 9Имя содержит цифры
Тролль!!!!1 me@ya.ru 40Имя содержит цифры
Неверные данные
Ли fipl.ru 62Некорректно указан E-mail
Тролль!!!!1 scpqhraz@mail.ru 129Имя содержит цифры
Джигурда 108 vcdg@ya.ruНеверные данные
49Неверные данные
Хенг qhgqhwdou@ya.ruНеверные данные
Ярослав42 srlrneygk@gmail.com 137Имя содержит цифры
Ли666 hmk@ya.ru 70Имя содержит цифры
sszgsif@ya.ruНеверные данные
Сянцзян!!!!1 znkttbcq@ya.ru 101Имя содержит цифры
Бузова!!!!1 wbtn@ya.ru 8Имя содержит цифры
Гнойный 28 kjylwig@gmail.comНеверные данные
Нагиев 141 ksclybha@ya.ruНеверные данные
Анна42 mdphjole@mail.ru 97Имя содержит цифры
Ли kjeijr 86Некорректно указан E-mail
Ван666 rwozf@mail.ru 60Имя содержит цифры
Гнойный!!!!1 tfdxnc@gmail.com 58Имя содержит цифры
Чонгкун666 nuvifr@mail.ru 88Имя содержит цифры
Чехова cjgpicbqv.ru 70Некорректно указан E-mail
Ольга 112Неверные данные
rnneuvnkuq@ya.ruНеверные данные
Ли xpfimqax.ru 37Некорректно указан E-mail
Ольга tqz 31Некорректно указан E-mail
Ольга!!!!1 xa@mail.ru 19Имя содержит цифры
6Неверные данные
Михаил suuxrwmdup@mail.ruНеверные данные
Нагиев42 hepcefwt@gmail.com 146Имя содержит цифры
Земфира!!!!1 ysjx@gmail.com 38Имя содержит цифры
Владимир42 tigtz@gmail.com 118Имя содержит цифры
Неверные данные
Сянцзян42 smwuwyf@ya.ru 93Имя содержит цифры
Ли cnenvqixfigvam 75Некорректно указан E-mail
Гнойный svbl@ya.ruНеверные данные
Артём pcyaylecdp 10Некорректно указан E-mail
Джигурда 142 jp@gmail.comНеверные данные
Бузова felpdnjjl.mail.ru 24Некорректно указан E-mail
Анна666 woly@ya.ru 92Имя содержит цифры
Пенг iru 69Некорректно указан E-mail
Земфира thfjjam 32Некорректно указан E-mail
Нагиев!!!!1 mxjvvmjw@ya.ru 69Имя содержит цифры
svrlbuyt@gmail.comНеверные данные
Чонгкун za.ru 73Некорректно указан E-mail
Ли 148 gnfkppro@gmail.comНеверные данные
Чонгкун42 vebo@ya.ru 74Имя содержит цифры
ЛиНеверные данные
Геннадий 63 cy@gmail.comНеверные данные
Ольга42 ytoqsvzdbj@ya.ru 12Имя содержит цифры
Владимир666 fqeshkvpb@gmail.com 136Имя содержит цифры
Степан fysquqxop 66Некорректно указан E-mail
Яочуан666 ojhpeixeg@mail.ru 55Имя содержит цифры
Артём42 bkvvgs@ya.ru 106Имя содержит цифры
10Неверные данные
Ольга42 vtcydxxr@ya.ru 62Имя содержит цифры
Пенг666 yumswlmp@mail.ru 14Имя содержит цифры
Ван!!!!1 hejysrn@gmail.com 106Имя содержит цифры
Степан nmlczsgj@gmail.comНеверные данные
62 prkf@gmail.comНеверные данные
Муммий!!!!1 zob@gmail.com 35Имя содержит цифры
Сянцзян udoif.ru 89Некорректно указан E-mail
Гнойный 6 lbtu@ya.ruНеверные данные
Тролль42 alhjiwgs@ya.ru 52Имя содержит цифры
Муммий42 zxms@ya.ru 129Имя содержит цифры
77Неверные данные
Чехова42 hhtjjrwpev@gmail.com 8Имя содержит цифры
134Неверные данные
Тролль!!!!1 bogopq@gmail.com 80Имя содержит цифры
98 gcuxhm@ya.ruНеверные данные
olntfwja@ya.ruНеверные данные
82Неверные данные
Сянцзян42 sfrpkl@ya.ru 54Имя содержит цифры
118 ereuqwvy@ya.ruНеверные данные
Гнойный 86 fj@ya.ruНеверные данные
Бузова42 ydx@mail.ru 121Имя содержит цифры
Ярослав666 kfthu@gmail.com 68Имя содержит цифры
Мария kwznecbfpa.mail.ru 60Некорректно указан E-mail
Геннадий hfo 76Некорректно указан E-mail
Ольга 42Неверные данные
Неверные данные
Владимир666 onnjp@mail.ru 125Имя содержит цифры
Анна fov.ru 16Некорректно указан E-mail
Неверные данные
Ли!!!!1 yknhi@gmail.com 86Имя содержит цифры
Яочуан ecbdyw 60Некорректно указан E-mail
42Неверные данные
Волочкова 4 fs@gmail.comНеверные данные
Ли42 os@mail.ru 114Имя содержит цифры
Ван ri 28Некорректно указан E-mail
Михаил!!!!1 augxx@mail.ru 31Имя содержит цифры
Неверные данные
Чонгкун ovi.ru 44Некорректно указан E-mail
Муммий!!!!1 jhywpwbfye@ya.ru 47Имя содержит цифры
Ли666 hxsewxm.mail.ru 42Имя содержит цифры
Чонгкун42 gqpxooc@ya.ru 15Имя содержит цифры
Ли 130 gnqdxd@ya.ruНеверные данные
Чехова666 fvsmfjx@gmail.com 147Имя содержит цифры
Волочкова666 te@ya.ru 98Имя содержит цифры
Неверные данные
Дмитрий!!!!1 ejk@ya.ru 145Имя содержит цифры
Артём mwcwi 61Некорректно указан E-mail
Ольга ylmsbg@mail.ruНеверные данные
47 hoejbllhb@mail.ruНеверные данные
Муммий kroj 66Некорректно указан E-mail
uqpyy@gmail.comНеверные данные
Ольга raoegy 42Некорректно указан E-mail
Сянцзян42 dxappje@ya.ru 83Имя содержит цифры
143Неверные данные
Муммий666 pfcgk@gmail.com 35Имя содержит цифры
Джамшут prufigvam 30Некорректно указан E-mail
Пенг disuaejmpq.mail.ru 55Некорректно указан E-mail
Владимир42 ocil@ya.ru 64Имя содержит цифры
146 ultgcrrsyd@gmail.comНеверные данные
Неверные данные
Неверные данные
Нагиев!!!!1 kbdexi@gmail.com 138Имя содержит цифры
wewteqjmbv@gmail.comНеверные данные
Яочуан hbg.ru 34Некорректно указан E-mail
Ли 8 zv@ya.ruНеверные данные
Тролль666 san@ya.ru 32Имя содержит цифры
Тролль42 myktu@ya.ru 101Имя содержит цифры
Ольга srirfigvam 86Некорректно указан E-mail
ЛиНеверные данные
Джигурда42 qgklrw@mail.ru 41Имя содержит цифры
ЛиНеверные данные
63Неверные данные
Неверные данные
144Неверные данные
Мария666 bpwmxx@ya.ru 97Имя содержит цифры
Бузова oukiaisqpa.mail.ru 88Некорректно указан E-mail
Ли goq.ru 27Некорректно указан E-mail
83 ndvtduby@ya.ruНеверные данные
13Неверные данные
Степан42 hdbkzaeky@mail.ru 50Имя содержит цифры
111Неверные данные
Геннадий42 zheiftllgi@ya.ru 68Имя содержит цифры
РавшанНеверные данные
77Неверные данные
Дмитрий666 crixe@mail.ru 93Имя содержит цифры
Нагиев fmjy.mail.ru 12Некорректно указан E-mail
Муммий ath.mail.ru 62Некорректно указан E-mail
Ван di.mail.ru 60Некорректно указан E-mail
Яочуан666 lxlrule@gmail.com 78Имя содержит цифры
Михаил 73Неверные данные
133Неверные данные
Неверные данные
Владимир mchakediwfigvam 28Некорректно указан E-mail
Тролль666 pfmeafl@ya.ru 131Имя содержит цифры
90Неверные данные
Чонгкун!!!!1 epi@mail.ru 20Имя содержит цифры
Ван hcfigvam 50Некорректно указан E-mail
Чонгкун!!!!1 ezgswihx@mail.ru 105Имя содержит цифры
Пенг!!!!1 zk@ya.ru 63Имя содержит цифры
3Неверные данные
Неверные данные
Владимир 107Неверные данные
Муммий666 vypsxkwymh@mail.ru 48Имя содержит цифры
Ярослав 12 xopp@ya.ruНеверные данные
Дмитрий 55 ntrkw@ya.ruНеверные данные
Чехова xtpqxxhgov.mail.ru 96Некорректно указан E-mail
Равшан!!!!1 hstqsan@mail.ru 23Имя содержит цифры
Ярослав qvjngeqt.mail.ru 56Некорректно указан E-mail
Земфира 121Неверные данные
Бузова666 nkiif@mail.ru 149Имя содержит цифры
Мария odb.ru 20Некорректно указан E-mail
Мария42 evjnisvo@mail.ru 15Имя содержит цифры
Чонгкун666 bfw@gmail.com 106Имя содержит цифры
Анна dvzwfrwihfigvam 99Некорректно указан E-mail
Муммий666 xtja@gmail.com 135Имя содержит цифры
Чонгкун 96Неверные данные
Анна666 qezvacvl@ya.ru 56Имя содержит цифры
Нагиев nxmtrmbnxrfigvam 97Некорректно указан E-mail
Ван 7 xd@ya.ruНеверные данные
Чонгкун xfbdcjmhsfigvam 30Некорректно указан E-mail
Хенг666 hach@ya.ru 149Имя содержит цифры
Муммий flbcsrgc 87Некорректно указан E-mail
Яочуан42 apbwlkt@ya.ru 48Имя содержит цифры
Бузова van.ru 50Некорректно указан E-mail
Михаил42 xrsihsm@gmail.com 29Имя содержит цифры
Геннадий666 oe@gmail.com 28Имя содержит цифры
Мария xbukipt 12Некорректно указан E-mail
Яочуан666 aorzze@gmail.com 143Имя содержит цифры
Михаил iyxmljrorlfigvam 83Некорректно указан E-mail
Артём42 dndyftuyj.mail.ru 39Имя содержит цифры
Чехова!!!!1 jjrw@mail.ru 50Имя содержит цифры
ТролльНеверные данные
Владимир 97Неверные данные
Равшан42 szlxogi@mail.ru 66Имя содержит цифры
Неверные данные
Чонгкун42 mxrivgxhry@ya.ru 22Имя содержит цифры
Джамшут!!!!1 zwu@gmail.com 45Имя содержит цифры
Артём esrkorxic.ru 25Некорректно указан E-mail
Волочкова qcopaxdp@ya.ruНеверные данные
Геннадий42 fcze@mail.ru 23Имя содержит цифры
Ван666 scn@gmail.com 127Имя содержит цифры
Хенг fyvfyop.mail.ru 35Некорректно указан E-mail
Джамшут42 hhldg@ya.ru 30Имя содержит цифры
Ван umozztngyfigvam 40Некорректно указан E-mail
50 nz@mail.ruНеверные данные
101Неверные данные
Хенг 13 kicriaoeas@gmail.comНеверные данные
Сянцзян!!!!1 win@mail.ru 76Имя содержит цифры
117Неверные данные
Джамшут!!!!1 ysl@mail.ru 57Имя содержит цифры
113Неверные данные
102Неверные данные
Степан wbj.mail.ru 77Некорректно указан E-mail
138 qg@mail.ruНеверные данные
Гнойный666 mccw@mail.ru 86Имя содержит цифры
Владимир666 cjopwzztw@gmail.com 31Имя содержит цифры
Бузова666 pmkixpo@mail.ru 58Имя содержит цифры
Степан666 eykjp@ya.ru 139Имя содержит цифры
Ли xggsf.ru 39Некорректно указан E-mail
Ли666 awjc@ya.ru 40Имя содержит цифры
Степан 52 mhvbf@mail.ruНеверные данные
Ли 136 mriwstehНеверные данные
Чехова 131 tpgiwxpet@mail.ruНеверные данные
Ли loqxt 10Некорректно указан E-mail
Ли42 qk@mail.ru 8Имя содержит цифры
Неверные данные
Чехова!!!!1 akwseqmndo@mail.ru 33Имя содержит цифры
agvobvr@mail.ruНеверные данные
Дмитрий fsfigvam 30Некорректно указан E-mail
Чехова sfqqpkan.ru 22Некорректно указан E-mail
Тролль666 ctzxwzc@mail.ru 66Имя содержит цифры
Равшан!!!!1 nwllr@mail.ru 82Имя содержит цифры
Михаил sobjayd.mail.ru 27Некорректно указан E-mail
Нагиев 87Неверные данные
Геннадий wvwubur.mail.ru 40Некорректно указан E-mail
cpbytheah@mail.ruНеверные данные
ЛиНеверные данные
Джигурда42 kwbkfb@mail.ru 103Имя содержит цифры
Яочуан bhchtjapkg.ru 56Некорректно указан E-mail
ybjqbgp@mail.ruНеверные данные
Джигурда fpxtnc.ru 27Некорректно указан E-mail
141 nfsqhyxv@mail.ruНеверные данные
Степан42 ghg@gmail.com 145Имя содержит цифры
129Неверные данные
Волочкова 101 tgly@mail.ruНеверные данные
Равшан!!!!1 ulxvoyfms@ya.ru 107Имя содержит цифры
БузоваНеверные данные
Равшан 107 wuhjgqty@mail.ruНеверные данные
Владимир42 cmszgblsqy@mail.ru 53Имя содержит цифры
15 cmtnrpit@gmail.comНеверные данные
Ярослав dmhkqpjmsy.mail.ru 92Некорректно указан E-mail
Равшан wtpfigvam 33Некорректно указан E-mail
Ярослав42 juptrzi@mail.ru 110Имя содержит цифры
Земфира666 sifvssf@gmail.com 51Имя содержит цифры
Неверные данные
56 ggwydsie@gmail.comНеверные данные
Геннадий666 cexzrtyoda@ya.ru 96Имя содержит цифры
Муммий666 pbwdus@ya.ru 73Имя содержит цифры
Владимир io.mail.ru 62Некорректно указан E-mail
Артём42 tyvnfmq@ya.ru 150Имя содержит цифры
Геннадий666 oyqffzcx@mail.ru 8Имя содержит цифры
ЧеховаНеверные данные
Геннадий 82 uwgn@ya.ruНеверные данные
Неверные данные
Степан jqfrwlozl.mail.ru 25Некорректно указан E-mail
Муммий wgavggol.mail.ru 60Некорректно указан E-mail
Равшан 105Неверные данные
Неверные данные
Яочуан 22 jfzjerzm@ya.ruНеверные данные
Чонгкун 147 heevtbp@mail.ruНеверные данные
Волочкова 100Неверные данные
Чехова666 wrnuu@mail.ru 82Имя содержит цифры
Михаил42 wdkoz@gmail.com 36Имя содержит цифры
Владимир42 vleqvfntk@gmail.com 81Имя содержит цифры
Артём qakfigvam 10Некорректно указан E-mail
Яочуан 129Неверные данные
ЧеховаНеверные данные
Неверные данные
Михаил666 uoludapk@gmail.com 81Имя содержит цифры
Джамшут 58 deqqjvr@mail.ruНеверные данные
Неверные данные
Артём!!!!1 voyhigaywy@ya.ru 96Имя содержит цифры
Неверные данные
Волочкова42 ctjhza@ya.ru 105Имя содержит цифры
131Неверные данные
126Неверные данные
97Неверные данные
Ли42 hnrh@mail.ru 70Имя содержит цифры
Тролль fogddqb.mail.ru 32Некорректно указан E-mail
Пенг!!!!1 qolddv@ya.ru 13Имя содержит цифры
Неверные данные
30 dd@ya.ruНеверные данные
iscwls@mail.ruНеверные данные
Геннадий hnbfigvam 91Некорректно указан E-mail
Джигурда ikdexopfigvam 36Некорректно указан E-mail
Равшан bhqptkqsxp.ru 71Некорректно указан E-mail
Анна 32 ypbr@ya.ruНеверные данные
Неверные данные
Сянцзян!!!!1 rapatjhfu@ya.ru 35Имя содержит цифры
Хенг42 yuhwiqiqru@ya.ru 33Имя содержит цифры
Гнойный jvhsfmenfigvam 66Некорректно указан E-mail
Тролль!!!!1 vnjbbbj@ya.ru 125Имя содержит цифры
Яочуан igs 94Некорректно указан E-mail
Бузова lzoteb.ru 98Некорректно указан E-mail
5Неверные данные
Нагиев42 asdzldv@mail.ru 36Имя содержит цифры
Равшан!!!!1 jqw@mail.ru 117Имя содержит цифры
Геннадий42 mtg@mail.ru 132Имя содержит цифры
Джамшут kewzicxrnvfigvam 51Некорректно указан E-mail
Чонгкун zzvnzjfigvam 19Некорректно указан E-mail
Муммий42 alvtqkcbkg@gmail.com 83Имя содержит цифры
Неверные данные
Тролль siapwsvy.mail.ru 58Некорректно указан E-mail
Тролль42 jopvz@ya.ru 150Имя содержит цифры
Ли!!!!1 qyuxuh@ya.ru 135Имя содержит цифры
Хенг!!!!1 djjv@gmail.com 31Имя содержит цифры
Степан jzklf.mail.ru 34Некорректно указан E-mail
kxfxiixqkx@mail.ruНеверные данные
Ярослав jebog 74Некорректно указан E-mail
Чонгкун wg@mail.ruНеверные данные
Яочуан 88 ikbtseq@ya.ruНеверные данные
Чонгкун oqkc.ru 13Некорректно указан E-mail
МарияНеверные данные
Неверные данные
Пенг dcxj.mail.ru 95Некорректно указан E-mail
ЧеховаНеверные данные
Ольга!!!!1 viyrj@mail.ru 113Имя содержит цифры
Анна 119 fexcxtfa@ya.ruНеверные данные
Нагиев666 mod@gmail.com 104Имя содержит цифры
Артём 55 qtidgm@ya.ruНеверные данные
Волочкова kxcjfigvam 32Некорректно указан E-mail
Михаил mgctal.mail.ru 80Некорректно указан E-mail
Мария666 fcncrvva@gmail.com 86Имя содержит цифры
Ли42 roqpmycj@gmail.com 87Имя содержит цифры
Тролль!!!!1 dyc@mail.ru 18Имя содержит цифры
46 knt@mail.ruНеверные данные
Тролль 8 vy@mail.ruНеверные данные
Артём666 yw@gmail.com 116Имя содержит цифры
Ольга 19Неверные данные
Артём!!!!1 cgi@gmail.com 64Имя содержит цифры
Гнойный lxtl 26Некорректно указан E-mail
Степан 137Неверные данные
Геннадий42 tnmohqwgvr@gmail.com 59Имя содержит цифры
Неверные данные
Неверные данные
Ольга tlxdysnw.ru 30Некорректно указан E-mail
Равшан jbdx.mail.ru 14Некорректно указан E-mail
Дмитрий jcf 24Некорректно указан E-mail
Артём 129Неверные данные
Сянцзян motanthdic.ru 32Некорректно указан E-mail
Хенг666 sbzghymivf@gmail.com 93Имя содержит цифры
Анна666 mdnu@mail.ru 97Имя содержит цифры
36Неверные данные
kgzptyc@gmail.comНеверные данные
Михаил666 im@mail.ru 105Имя содержит цифры
Земфира ytlcbnwg.mail.ru 89Некорректно указан E-mail
Геннадий 62 qoe@gmail.comНеверные данные
Ольга fthuevxwsv.mail.ru 71Некорректно указан E-mail
Хенг plobbkhfigvam 92Некорректно указан E-mail
Тролль dstyofs.ru 18Некорректно указан E-mail
Неверные данные
Ярослав dzlzrtjnnh.ru 71Некорректно указан E-mail
Хенг666 slynt@gmail.com 64Имя содержит цифры
Земфира 18Неверные данные
Равшан 93 evyhc@mail.ruНеверные данные
Геннадий 7Неверные данные
Пенг rbqiem.mail.ru 47Некорректно указан E-mail
Ван!!!!1 udlzkizctr@ya.ru 107Имя содержит цифры
Сянцзян cgirs 51Некорректно указан E-mail
Ван 22 jgcjseqdap@mail.ruНеверные данные
Неверные данные
Пенг42 dclwgk@mail.ru 103Имя содержит цифры
Ван 55 nopdpm@ya.ruНеверные данные
Неверные данные
Анна uyuaeptzut.mail.ru 29Некорректно указан E-mail
Бузова 146Неверные данные
Неверные данные
Волочкова666 hgwb@mail.ru 40Имя содержит цифры
Джамшут666 lbvf@ya.ru 3Имя содержит цифры
Ли!!!!1 svvlhtyaer@gmail.com 126Имя содержит цифры
Мария!!!!1 elrrrak@gmail.com 145Имя содержит цифры
Бузова!!!!1 drxmptu@ya.ru 150Имя содержит цифры
14 jgyipipd@mail.ruНеверные данные
Чехова666 icum@ya.ru 75Имя содержит цифры
Геннадий!!!!1 xqyiiqmu@ya.ru 93Имя содержит цифры
Анна666 bhy@mail.ru 81Имя содержит цифры
Неверные данные
Хенг 6 ogogbyvjqa@ya.ruНеверные данные
Владимир gv.ru 45Некорректно указан E-mail
Артём qnkm 76Некорректно указан E-mail
112Неверные данные
Дмитрий666 bmrblqh@ya.ru 127Имя содержит цифры
107 bb@mail.ruНеверные данные
Джигурда!!!!1 tyax@gmail.com 105Имя содержит цифры
Михаил42 dhgvpe@mail.ru 13Имя содержит цифры
Ли42 hekgqk@gmail.com 10Имя содержит цифры
Мария zwjx.mail.ru 13Некорректно указан E-mail
Яочуан!!!!1 cate@mail.ru 28Имя содержит цифры
Ольга666 czn@gmail.com 5Имя содержит цифры
Анна!!!!1 zvvvxxazm@ya.ru 136Имя содержит цифры
Михаил666 pobkr@mail.ru 44Имя содержит цифры
Чехова!!!!1 rqe@ya.ru 77Имя содержит цифры
Ли42 fazjydtmu@mail.ru 102Имя содержит цифры
Артём!!!!1 sqhboz@mail.ru 19Имя содержит цифры
Неверные данные
Сянцзян ciu 70Некорректно указан E-mail
Неверные данные
87Неверные данные
ejgooayrv@mail.ruНеверные данные
Бузова666 kiqdpnibn@gmail.com 110Имя содержит цифры
Дмитрий42 haf@ya.ru 81Имя содержит цифры
Ярослав!!!!1 gwbiua@mail.ru 93Имя содержит цифры
Хенг!!!!1 fvsosqu@gmail.com 145Имя содержит цифры
Джигурда ohyyjkh.mail.ru 41Некорректно указан E-mail
Яочуан666 ekbmjc@ya.ru 53Имя содержит цифры
Артём 88 febb@ya.ruНеверные данные
Неверные данные
Неверные данные
Ярослав!!!!1 lepxwlipc@gmail.com 115Имя содержит цифры
Ольга666 xbelu@mail.ru 145Имя содержит цифры
Неверные данные
Ярослав42 tqhpyaet@mail.ru 147Имя содержит цифры
owjaajw@mail.ruНеверные данные
Гнойный fjlrym 29Некорректно указан E-mail
Сянцзян jq@gmail.comНеверные данные
Тролль 136 hzw@gmail.comНеверные данные
Сянцзян!!!!1 rq@gmail.com 134Имя содержит цифры
Михаил!!!!1 kjuf@gmail.com 98Имя содержит цифры
Неверные данные
Артём42 wshueb@mail.ru 83Имя содержит цифры
Ли42 hoosxc@ya.ru 136Имя содержит цифры
Чонгкун!!!!1 ewxbct@ya.ru 68Имя содержит цифры
Неверные данные
НагиевНеверные данные
Ольга42 zs@gmail.com 134Имя содержит цифры
Дмитрий ypwlitbqvwfigvam 81Некорректно указан E-mail
80 ymaxeliarj@ya.ruНеверные данные
Волочкова fjuilumo 32Некорректно указан E-mail
Чонгкун42 twtho@gmail.com 139Имя содержит цифры
mngkagkbtg@gmail.comНеверные данные
Ольга!!!!1 iqmlvlgwie@ya.ru 148Имя содержит цифры
Мария nc@gmail.comНеверные данные
Ярослав vc 34Некорректно указан E-mail
Нагиев oxbssyj.ru 80Некорректно указан E-mail
99Неверные данные
Ван!!!!1 gqnvyazgeb@ya.ru 2Имя содержит цифры
93Неверные данные
Михаил!!!!1 edwwl@gmail.com 65Имя содержит цифры
Ольга!!!!1 ahtwhcnt@gmail.com 46Имя содержит цифры
Михаил!!!!1 twlsmljrn@ya.ru 7Имя содержит цифры
Геннадий kzfigvam 55Некорректно указан E-mail
uhdbu@mail.ruНеверные данные
Чехова 113Неверные данные
Неверные данные
Степан lbbllj.mail.ru 51Некорректно указан E-mail
Пенг666 ejt@mail.ru 2Имя содержит цифры
Мария mp.mail.ru 69Некорректно указан E-mail
65 ezk@gmail.comНеверные данные
ДмитрийНеверные данные
Земфира jqsuiethvsfigvam 94Некорректно указан E-mail
Хенг!!!!1 xoxlplp@ya.ru 13Имя содержит цифры
Яочуан 8 qcf@ya.ruНеверные данные
Неверные данные
Ли42 idxtdoq@gmail.com 73Имя содержит цифры
Владимир gz.mail.ru 24Некорректно указан E-mail
ВладимирНеверные данные
Чехова hhwr.ru 14Некорректно указан E-mail
Михаил 10Неверные данные
Чонгкун!!!!1 zohgk@mail.ru 128Имя содержит цифры
ЧонгкунНеверные данные
Сянцзян!!!!1 yxjlmnjyd@ya.ru 58Имя содержит цифры
Ван666 de@ya.ru 58Имя содержит цифры
Неверные данные
Чехова huqobqc@mail.ruНеверные данные
СянцзянНеверные данные
ПенгНеверные данные
Волочкова mknifigvam 36Некорректно указан E-mail
Геннадий prras 69Некорректно указан E-mail
Геннадий666 cgbhqq@ya.ru 44Имя содержит цифры
130Неверные данные
Джигурда!!!!1 fyjbwfgwau@mail.ru 134Имя содержит цифры
Ярослав tizanpv 79Некорректно указан E-mail
Муммий42 jptag@gmail.com 16Имя содержит цифры
Геннадий 95Неверные данные
uzwykma@ya.ruНеверные данные
Неверные данные
Бузова!!!!1 plftnpbjo@gmail.com 99Имя содержит цифры
Сянцзян 146 stgpc@mail.ruНеверные данные
Чехова 129 juee@mail.ruНеверные данные
Ли42 qc@gmail.com 65Имя содержит цифры
Степан!!!!1 psa@mail.ru 78Имя содержит цифры
Дмитрий666 ca@ya.ru 24Имя содержит цифры
Неверные данные
Ольга42 zktj@ya.ru 103Имя содержит цифры
Ярослав42 tjtavv@mail.ru 55Имя содержит цифры
ffmpsyec@ya.ruНеверные данные
Пенг666 pc@ya.ru 60Имя содержит цифры
Чонгкун42 zvjlxq@ya.ru 11Имя содержит цифры
76 yaopefnl@ya.ruНеверные данные
Ли nibi.ru 40Некорректно указан E-mail
Бузова42 xutf@ya.ru 71Имя содержит цифры
45 bvccuqc@mail.ruНеверные данные
Ли42 zmyxuszbn@mail.ru 55Имя содержит цифры
Ли 75Неверные данные
Артём!!!!1 ow@ya.ru 22Имя содержит цифры
Анна tuk 58Некорректно указан E-mail
Тролль!!!!1 cxknkqoch@gmail.com 110Имя содержит цифры
Нагиев 8 txjlbbrry@gmail.comНеверные данные
Земфира 27 ugvcfouep@gmail.comНеверные данные
Дмитрий!!!!1 oievg@gmail.com 128Имя содержит цифры
Нагиев42 erskys@mail.ru 90Имя содержит цифры
Ли666 sithhxg@mail.ru 109Имя содержит цифры
xnbijie@mail.ruНеверные данные
Тролль666 ljkbzhpig@mail.ru 37Имя содержит цифры
Джамшут tzrghnl.ru 66Некорректно указан E-mail
Хенг ms.mail.ru 50Некорректно указан E-mail
113 qc@ya.ruНеверные данные
Ярослав!!!!1 gp@ya.ru 144Имя содержит цифры
Михаил 11Неверные данные
Нагиев!!!!1 vgotntrh@mail.ru 106Имя содержит цифры
Ярослав666 xh@ya.ru 7Имя содержит цифры
Ван nzleafoqxt@ya.ruНеверные данные
Пенг tnxoigdmfigvam 86Некорректно указан E-mail
Чехова cqglvikwrc 69Некорректно указан E-mail
Хенг depdrtokh 83Некорректно указан E-mail
Мария666 jhy@mail.ru 56Имя содержит цифры
Неверные данные
Геннадий ksna 64Некорректно указан E-mail
Тролль delkswdgqh@gmail.comНеверные данные
Ольга42 lohh@ya.ru 2Имя содержит цифры
95 hagpmhru@gmail.comНеверные данные
Волочкова 11 cwiinxbojd@gmail.comНеверные данные
Неверные данные
Мария ykwwr.mail.ru 29Некорректно указан E-mail
Гнойный 43 gxopkqfx@mail.ruНеверные данные
Тролль el.mail.ru 49Некорректно указан E-mail
Гнойный666 bjaselri@ya.ru 42Имя содержит цифры
Ван jouht 41Некорректно указан E-mail
МихаилНеверные данные
Ольга nxgxiqbpufigvam 75Некорректно указан E-mail
Джигурда bnqmijgdktfigvam 89Некорректно указан E-mail
vcyyfijz@ya.ruНеверные данные
Геннадий lk.mail.ru 66Некорректно указан E-mail
Земфира ljqv.ru 35Некорректно указан E-mail
Владимир666 safgslhnp@ya.ru 98Имя содержит цифры
Неверные данные
Ольга 58 est@ya.ruНеверные данные
Джигурда42 xbb@gmail.com 19Имя содержит цифры
Ольга!!!!1 cf@mail.ru 6Имя содержит цифры
Ли42 oz.ru 32Имя содержит цифры
Ольга agxnbqt.mail.ru 41Некорректно указан E-mail
Владимир 81Неверные данные
Сянцзян!!!!1 kznhswm@ya.ru 107Имя содержит цифры
Волочкова666 dwpensufag@gmail.com 142Имя содержит цифры
Геннадий!!!!1 dtxkypyyb@ya.ru 74Имя содержит цифры
Ольга znh.mail.ru 21Некорректно указан E-mail
tzxak@gmail.comНеверные данные
Дмитрий ym.ru 71Некорректно указан E-mail
Артём666 ckyk@gmail.com 22Имя содержит цифры
Степан 117 zcrcsztr@gmail.comНеверные данные
Ярослав fgwinfsvhk@ya.ruНеверные данные
Нагиев42 tb@gmail.com 109Имя содержит цифры
Хенг42 iaruxbanv@gmail.com 51Имя содержит цифры
Нагиев42 jrps@mail.ru 19Имя содержит цифры
Степан swcoopllww 36Некорректно указан E-mail
Нагиев666 kilfxize@ya.ru 69Имя содержит цифры
Геннадий42 ap@mail.ru 5Имя содержит цифры
vghlw@ya.ruНеверные данные
129Неверные данные
Волочкова666 yfohyg@gmail.com 41Имя содержит цифры
Степан!!!!1 ufjonac@mail.ru 13Имя содержит цифры
Артём jomtwftp.ru 25Некорректно указан E-mail
Равшан666 ecgnypz@gmail.com 57Имя содержит цифры
Чонгкун 41Неверные данные
Тролль andwh.ru 22Некорректно указан E-mail
51 htwdgznavv@ya.ruНеверные данные
Артём42 osvqlaeyk@mail.ru 89Имя содержит цифры
Степан!!!!1 fz@ya.ru 79Имя содержит цифры
Неверные данные
Владимир42 wyg@mail.ru 85Имя содержит цифры
kdjhud@gmail.comНеверные данные
Волочкова 69Неверные данные
Равшан azsqccfx 81Некорректно указан E-mail
avrgsklcl@mail.ruНеверные данные
Артём 115 kzt@mail.ruНеверные данные
Джигурда zxllbfa 54Некорректно указан E-mail
Муммий hgvwdkwvlq.mail.ru 29Некорректно указан E-mail
130 etxsuxnn@ya.ruНеверные данные
Неверные данные
141 jefaphil@gmail.comНеверные данные
Чонгкун kyt.ru 98Некорректно указан E-mail
Пенг 90 dfnus@ya.ruНеверные данные
Геннадий42 vwxyofo@gmail.com 110Имя содержит цифры
30Неверные данные
Неверные данные
Джамшут42 tuknuio@gmail.com 84Имя содержит цифры
Джамшут666 fb@ya.ru 78Имя содержит цифры
Чонгкун 79Неверные данные
Ярослав42 rjsnul@gmail.com 46Имя содержит цифры
Тролль!!!!1 xrv@gmail.com 63Имя содержит цифры
Земфира 70 ccerney@ya.ruНеверные данные
Чехова 47Неверные данные
Земфира!!!!1 yaid@gmail.com 146Имя содержит цифры
25 aw@mail.ruНеверные данные
114Неверные данные
Ярослав 150Неверные данные
Артём fnwb.mail.ru 56Некорректно указан E-mail
Яочуан42 ofjv@gmail.com 147Имя содержит цифры
Артём666 gkxrmf@mail.ru 127Имя содержит цифры
Волочкова42 qvh@mail.ru 120Имя содержит цифры
Равшан42 rikzshxn@mail.ru 113Имя содержит цифры
Ольга42 ybmxqdmp@mail.ru 134Имя содержит цифры
Нагиев 5Неверные данные
Ольга dmxhmdfigvam 90Некорректно указан E-mail
Чехова uvjfigvam 50Некорректно указан E-mail
fobycm@gmail.comНеверные данные
Геннадий666 wx@mail.ru 142Имя содержит цифры
Неверные данные
Неверные данные
Чехова 116Неверные данные
Волочкова usqxrj.mail.ru 98Некорректно указан E-mail
Бузова vpvkfigvam 38Некорректно указан E-mail
Ольга666 gcbyzzd@mail.ru 35Имя содержит цифры
20 zxwossbh@mail.ruНеверные данные
Пенг666 shrinqh@gmail.com 118Имя содержит цифры
Бузова666 eeeuan@mail.ru 47Имя содержит цифры
Сянцзян efw@gmail.comНеверные данные
Ольга koq.mail.ru 89Некорректно указан E-mail
Ли42 wp@mail.ru 102Имя содержит цифры
Муммий 27Неверные данные
Михаил sjemllns.mail.ru 53Некорректно указан E-mail
Неверные данные
Степан!!!!1 lywhfp@ya.ru 129Имя содержит цифры
Хенг666 girleigcr@ya.ru 34Имя содержит цифры
Равшан 35 ofdlmej@gmail.comНеверные данные
Муммий 77 pqtmptomb@ya.ruНеверные данные
Неверные данные
Ли fzptcw.ru 12Некорректно указан E-mail
Михаил666 nyhtpmnzqb@mail.ru 133Имя содержит цифры
Яочуан tidhexuo.ru 26Некорректно указан E-mail
Земфира nsmztmtx 56Некорректно указан E-mail
Джигурда42 xayajydse@ya.ru 92Имя содержит цифры
Владимир666 oqdtiitgkx@ya.ru 121Имя содержит цифры
Равшан 3Неверные данные
Гнойный666 cejwq@ya.ru 20Имя содержит цифры
Бузова aoivhha@mail.ruНеверные данные
Сянцзян!!!!1 epvtjyyne@ya.ru 75Имя содержит цифры
Ольга!!!!1 nejtkphtj@gmail.com 72Имя содержит цифры
Тролль 72Неверные данные
Чехова zohapstkz.ru 26Некорректно указан E-mail
Михаил fhndctdb.mail.ru 86Некорректно указан E-mail
Яочуан doqvvvzjsjfigvam 72Некорректно указан E-mail
Ван zz 38Некорректно указан E-mail
Ван dwjtddzho.mail.ru 27Некорректно указан E-mail
Чехова666 qrmkrdyj@gmail.com 27Имя содержит цифры
Михаил!!!!1 elgpecc@mail.ru 18Имя содержит цифры
Степан666 ggel@mail.ru 78Имя содержит цифры
Чонгкун42 iyfvfnmfigvam 101Имя содержит цифры
mnlzwm@gmail.comНеверные данные
Земфира 60 pb@gmail.comНеверные данные
Владимир42 ixklrsprlf@mail.ru 66Имя содержит цифры
ЛиНеверные данные
Дмитрий666 soasnrtxa@mail.ru 100Имя содержит цифры
Ван!!!!1 hefgaw@mail.ru 145Имя содержит цифры
Ван42 oqz@ya.ru 61Имя содержит цифры
Равшан666 hugv.mail.ru 124Имя содержит цифры
Неверные данные
Артём rzu.mail.ru 79Некорректно указан E-mail
Джигурда!!!!1 sfgl@mail.ru 106Имя содержит цифры
Ли666 gmsqb@ya.ru 23Имя содержит цифры
Ли42 dkuifigvam 131Имя содержит цифры
Яочуан vk 48Некорректно указан E-mail
Джигурда42 pp@gmail.com 95Имя содержит цифры
Чехова666 ggp@ya.ru 44Имя содержит цифры
Равшан42 wrccps@gmail.com 19Имя содержит цифры
Артём 56 ajacsghgr@mail.ruНеверные данные
Михаил666 nfkgdficq@ya.ru 35Имя содержит цифры
Джигурда42 ttdofdr@ya.ru 23Имя содержит цифры
Неверные данные
Чехова42 emzlpst@ya.ru 141Имя содержит цифры
Бузова!!!!1 of@gmail.com 105Имя содержит цифры
Дмитрий 23 dklpkwpf@ya.ruНеверные данные
Муммий iofigvam 65Некорректно указан E-mail
48Неверные данные
Джигурда whfmfkhctfigvam 13Некорректно указан E-mail
Джигурда 118 si@gmail.comНеверные данные
Неверные данные
Ван 146 jnhds@ya.ruНеверные данные
Хенг 116 tqkpforkd@mail.ruНеверные данные
Михаил 30 hju@gmail.comНеверные данные
Михаил iyp 10Некорректно указан E-mail
Артём 145Неверные данные
Сянцзян!!!!1 xertpbt@gmail.com 145Имя содержит цифры
Ольга ubdyhidu.mail.ru 52Некорректно указан E-mail
Артём oxmhxa.mail.ru 54Некорректно указан E-mail
Тролль 68 bbmdqbunqu@ya.ruНеверные данные
Ли ralr 22Некорректно указан E-mail
Бузова666 raiuez@ya.ru 72Имя содержит цифры
Нагиев666 pgxcwvz@mail.ru 3Имя содержит цифры
Мария!!!!1 iqs@mail.ru 56Имя содержит цифры
98Неверные данные
